
> logging-next@0.1.0 build
> prisma generate && next build

Environment variables loaded from .env
Prisma schema loaded from prisma/schema.prisma

✔ Installed the @prisma/client and prisma packages in your project

✔ Generated Prisma Client (v6.17.0) to ./node_modules/@prisma/client in 67ms

Start by importing your Prisma Client (See: https://pris.ly/d/importing-client)

Tip: Interested in query caching in just a few lines of code? Try Accelerate today! https://pris.ly/tip-3-accelerate

   ▲ Next.js 15.1.3
   - Environments: .env

   Creating an optimized production build ...
 ✓ Compiled successfully
   Skipping linting
   Checking validity of types ...
   Collecting page data ...
   Generating static pages (0/11) ...
   Generating static pages (2/11) 
   Generating static pages (5/11) 
   Generating static pages (8/11) 
 ✓ Generating static pages (11/11)
   Finalizing page optimization ...
   Collecting build traces ...

Route (app)                              Size     First Load JS
┌ ○ /                                    1.86 kB         152 kB
├ ○ /_not-found                          979 B           106 kB
├ ○ /activities                          4.88 kB         202 kB
├ ƒ /api/activity                        142 B           105 kB
├ ƒ /api/log                             142 B           105 kB
├ ƒ /api/todo                            142 B           105 kB
├ ○ /log                                 8.09 kB         247 kB
└ ○ /todo                                6.21 kB         217 kB
+ First Load JS shared by all            105 kB
  ├ chunks/4bd1b696-af72d96e3615aac5.js  52.9 kB
  ├ chunks/517-24401c56484eea24.js       50.5 kB
  └ other shared chunks (total)          1.93 kB


○  (Static)   prerendered as static content
ƒ  (Dynamic)  server-rendered on demand

